#
# A fatal error has been detected by the Java Runtime Environment:
#
#  SIGFPE (0x8) at pc=0x000000011a0c4548, pid=32046, tid=6915
#
# JRE version: OpenJDK Runtime Environment Corretto-11.0.11.9.1 (11.0.11+9) (build 11.0.11+9-LTS)
# Java VM: OpenJDK 64-Bit Server VM Corretto-11.0.11.9.1 (11.0.11+9-LTS, mixed mode, tiered, compressed oops, g1 gc, bsd-amd64)
# Problematic frame:
# j  com.company.IO.IntroMain.divideEAFP(II)I+0
#
# No core dump will be written. Core dumps have been disabled. To enable core dumping, try "ulimit -c unlimited" before starting Java again
#
# If you would like to submit a bug report, please visit:
#   https://github.com/corretto/corretto-11/issues/
#

---------------  S U M M A R Y ------------

Command Line: -javaagent:/Applications/IntelliJ IDEA CE.app/Contents/lib/idea_rt.jar=52128:/Applications/IntelliJ IDEA CE.app/Contents/bin -Dfile.encoding=UTF-8 com.company.IO.IntroMain

Host: MacBookAir10,1 x86_64 2400 MHz, 8 cores, 8G, Darwin 20.3.0
Time: Fri May 21 09:52:55 2021 PDT elapsed time: 0.285124 seconds (0d 0h 0m 0s)

---------------  T H R E A D  ---------------

Current thread (0x00007fafee00e000):  JavaThread "main" [_thread_in_Java, id=6915, stack(0x000000030a115000,0x000000030a215000)]

Stack: [0x000000030a115000,0x000000030a215000],  sp=0x000000030a214a08,  free space=1022k
Native frames: (J=compiled Java code, A=aot compiled Java code, j=interpreted, Vv=VM code, C=native code)
j  com.company.IO.IntroMain.divideEAFP(II)I+0
j  com.company.IO.IntroMain.main([Ljava/lang/String;)V+21
v  ~StubRoutines::call_stub
V  [libjvm.dylib+0x3bf51e]  JavaCalls::call_helper(JavaValue*, methodHandle const&, JavaCallArguments*, Thread*)+0x220
V  [libjvm.dylib+0x4034dc]  jni_invoke_static(JNIEnv_*, JavaValue*, _jobject*, JNICallType, _jmethodID*, JNI_ArgumentPusher*, Thread*)+0x122
V  [libjvm.dylib+0x4062fb]  jni_CallStaticVoidMethod+0x17f
C  [libjli.dylib+0x4831]  JavaMain+0xad1
C  [libjli.dylib+0x6be4]  ThreadJavaMain+0x9
C  [libsystem_pthread.dylib+0x6950]  _pthread_start+0xe0
C  [libsystem_pthread.dylib+0x247b]  thread_start+0xf


siginfo: si_signo: 8 (SIGFPE), si_code: 5 (FPE_FLTINV), si_addr: 0x000000011a0c4548

Register to memory mapping:

RAX=0x0000000000000062 is an unknown value
RBX=0x000000000000006c is an unknown value
RCX=0x0 is NULL
RDX=0x0 is NULL
RSP=0x000000030a214a08 is pointing into the stack for thread: 0x00007fafee00e000
RBP=0x000000030a214a50 is pointing into the stack for thread: 0x00007fafee00e000
RSI=0x0 is NULL
RDI=0x00007fafee00e000 is a thread
R8 =0x00007fafee00e000 is a thread
R9 =0x0 is NULL
R10=0x00000001101eefe0: _ZN19TemplateInterpreter13_active_tableE+0x2000 in /Library/Java/JavaVirtualMachines/amazon-corretto-11.jdk/Contents/Home/lib/server/libjvm.dylib at 0x000000010f800000
R11=0x000000030a2145b8 is pointing into the stack for thread: 0x00007fafee00e000
R12=0x0 is NULL
R13=0x00000001300bddf2 is pointing into metadata
R14=0x000000030a214a70 is pointing into the stack for thread: 0x00007fafee00e000
R15=0x00007fafee00e000 is a thread


Registers:
RAX=0x0000000000000062, RBX=0x000000000000006c, RCX=0x0000000000000000, RDX=0x0000000000000000
RSP=0x000000030a214a08, RBP=0x000000030a214a50, RSI=0x0000000000000000, RDI=0x00007fafee00e000
R8 =0x00007fafee00e000, R9 =0x0000000000000000, R10=0x00000001101eefe0, R11=0x000000030a2145b8
R12=0x0000000000000000, R13=0x00000001300bddf2, R14=0x000000030a214a70, R15=0x00007fafee00e000
RIP=0x000000011a0c4548, EFLAGS=0x0000000000000a83, ERR=0x0000000000000000
  TRAPNO=0x0000000000000000

Top of Stack: (sp=0x000000030a214a08)
0x000000030a214a08:   000000030a214a08 00000001300bddf0
0x000000030a214a18:   000000030a214a70 00000001300bdea0
0x000000030a214a28:   0000000000000000 0000000787edc750
0x000000030a214a38:   00000001300bde30 0000000000000000
0x000000030a214a48:   000000030a214a68 000000030a214ac8
0x000000030a214a58:   000000011a0b9980 0000000000000000
0x000000030a214a68:   0000000000000000 0000000000000062
0x000000030a214a78:   0000000787f103c0 000000030a214a80
0x000000030a214a88:   00000001300bdc55 000000030a214ae8
0x000000030a214a98:   00000001300bdea0 0000000000000000
0x000000030a214aa8:   0000000787edc750 00000001300bdc88
0x000000030a214ab8:   000000030a214a68 000000030a214ae8
0x000000030a214ac8:   000000030a214b50 000000011a0b0bc7
0x000000030a214ad8:   0000000000000000 0000000000000062
0x000000030a214ae8:   0000000787edcb30 0bcf0e8d00001fa0
0x000000030a214af8:   000000030a214cd0 000000030a214e88
0x000000030a214b08:   000000011a0b0b3f 00007fafee00e000
0x000000030a214b18:   00000001300bdc88 000000030a214bc8
0x000000030a214b28:   000000030a214e90 000000010000000a
0x000000030a214b38:   00000001300bdc88 000000011a0be180
0x000000030a214b48:   000000030a214cd8 000000030a214c30
0x000000030a214b58:   000000010fbbf51e 0000000000000001
0x000000030a214b68:   00007fafee00e000 0000000a0a214b90
0x000000030a214b78:   000000011a0be180 000000030a214e90
0x000000030a214b88:   000000000000000f 00007fafee00e000
0x000000030a214b98:   00007fafedc1a150 00007fafedc1a390
0x000000030a214ba8:   00007fafedc1a3a0 00007fafedc1a478
0x000000030a214bb8:   00000000000000d8 00007fafedc19fe0
0x000000030a214bc8:   00007fafee00e000 00007fafedc1b320
0x000000030a214bd8:   00000001300bdc88 0000000000000000
0x000000030a214be8:   0000000000000000 0000000000000000
0x000000030a214bf8:   0000000000000000 000000030a214e88 

Instructions: (pc=0x000000011a0c4548)
0x000000011a0c4448:   e0 fa 00 10 01 00 00 00 6a 00 00 00 00 00 00 00
0x000000011a0c4458:   00 00 00 00 00 00 00 00 f3 0f 10 04 24 48 83 c4
0x000000011a0c4468:   08 f3 0f 59 04 24 48 83 c4 08 41 0f b6 5d 01 49
0x000000011a0c4478:   ff c5 49 ba e0 ff 1e 10 01 00 00 00 41 ff 24 da
0x000000011a0c4488:   00 00 00 00 00 00 00 00 00 00 00 00 00 00 00 00
0x000000011a0c4498:   00 00 00 00 00 00 00 00 60 00 00 00 00 00 00 00
0x000000011a0c44a8:   e5 fa 00 10 01 00 00 00 6b 00 00 00 00 00 00 00
0x000000011a0c44b8:   00 00 00 00 00 00 00 00 f2 0f 10 04 24 48 83 c4
0x000000011a0c44c8:   10 f2 0f 59 04 24 48 83 c4 10 41 0f b6 5d 01 49
0x000000011a0c44d8:   ff c5 49 ba e0 07 1f 10 01 00 00 00 41 ff 24 da
0x000000011a0c44e8:   00 00 00 00 00 00 00 00 00 00 00 00 00 00 00 00
0x000000011a0c44f8:   00 00 00 00 00 00 00 00 60 00 00 00 00 00 00 00
0x000000011a0c4508:   ea fa 00 10 01 00 00 00 6c 00 00 00 00 00 00 00
0x000000011a0c4518:   00 00 00 00 00 00 00 00 8b 04 24 48 83 c4 08 8b
0x000000011a0c4528:   c8 8b 04 24 48 83 c4 08 81 f8 00 00 00 80 0f 85
0x000000011a0c4538:   0b 00 00 00 33 d2 83 f9 ff 0f 84 03 00 00 00 99
0x000000011a0c4548:   f7 f9 41 0f b6 5d 01 49 ff c5 49 ba e0 ef 1e 10
0x000000011a0c4558:   01 00 00 00 41 ff 24 da 80 00 00 00 00 00 00 00
0x000000011a0c4568:   ef fa 00 10 01 00 00 00 6d 00 00 00 00 00 00 00
0x000000011a0c4578:   00 00 00 00 00 00 00 00 48 8b 04 24 48 83 c4 10
0x000000011a0c4588:   48 8b c8 48 8b 04 24 48 83 c4 10 48 85 c9 0f 84
0x000000011a0c4598:   d3 98 ff ff 48 3b 05 cd 82 fc f5 0f 85 0c 00 00
0x000000011a0c45a8:   00 33 d2 48 83 f9 ff 0f 84 05 00 00 00 48 99 48
0x000000011a0c45b8:   f7 f9 41 0f b6 5d 01 49 ff c5 49 ba e0 f7 1e 10
0x000000011a0c45c8:   01 00 00 00 41 ff 24 da 00 00 00 00 00 00 00 00
0x000000011a0c45d8:   00 00 00 00 00 00 00 00 60 00 00 00 00 00 00 00
0x000000011a0c45e8:   f4 fa 00 10 01 00 00 00 6e 00 00 00 00 00 00 00
0x000000011a0c45f8:   00 00 00 00 00 00 00 00 f3 0f 10 04 24 48 83 c4
0x000000011a0c4608:   08 0f 28 c8 f3 0f 10 04 24 48 83 c4 08 f3 0f 5e
0x000000011a0c4618:   c1 41 0f b6 5d 01 49 ff c5 49 ba e0 ff 1e 10 01
0x000000011a0c4628:   00 00 00 41 ff 24 da 90 00 00 00 00 00 00 00 00
0x000000011a0c4638:   00 00 00 00 00 00 00 00 60 00 00 00 00 00 00 00 


Stack slot to memory mapping:
stack at sp + 0 slots: 0x000000030a214a08 is pointing into the stack for thread: 0x00007fafee00e000
stack at sp + 1 slots: 0x00000001300bddf0 is pointing into metadata
stack at sp + 2 slots: 0x000000030a214a70 is pointing into the stack for thread: 0x00007fafee00e000
stack at sp + 3 slots: 0x00000001300bdea0 is pointing into metadata
stack at sp + 4 slots: 0x0 is NULL
stack at sp + 5 slots: 0x0000000787edc750 is an oop: java.lang.Class 
{0x0000000787edc750} - klass: 'java/lang/Class'
stack at sp + 6 slots: {method} {0x00000001300bde30} 'divideEAFP' '(II)I' in 'com/company/IO/IntroMain'
stack at sp + 7 slots: 0x0 is NULL

idiv  108 idiv  [0x000000011a0c4520, 0x000000011a0c4560]  64 bytes

---------------  P R O C E S S  ---------------

Threads class SMR info:
_java_thread_list=0x00007fafede1a670, length=10, elements={
0x00007fafee00e000, 0x00007fafde022000, 0x00007fafde00f000, 0x00007fafee869000,
0x00007fafee80f000, 0x00007fafee810000, 0x00007fafee811000, 0x00007fafee811800,
0x00007fafef01f800, 0x00007fafef134000
}

Java Threads: ( => current thread )
=>0x00007fafee00e000 JavaThread "main" [_thread_in_Java, id=6915, stack(0x000000030a115000,0x000000030a215000)]
  0x00007fafde022000 JavaThread "Reference Handler" daemon [_thread_blocked, id=15619, stack(0x000000030a82a000,0x000000030a92a000)]
  0x00007fafde00f000 JavaThread "Finalizer" daemon [_thread_blocked, id=15875, stack(0x000000030a92d000,0x000000030aa2d000)]
  0x00007fafee869000 JavaThread "Signal Dispatcher" daemon [_thread_blocked, id=41475, stack(0x000000030ab3f000,0x000000030ac3f000)]
  0x00007fafee80f000 JavaThread "Service Thread" daemon [_thread_blocked, id=24579, stack(0x000000030ac42000,0x000000030ad42000)]
  0x00007fafee810000 JavaThread "C2 CompilerThread0" daemon [_thread_blocked, id=40195, stack(0x000000030ad45000,0x000000030ae45000)]
  0x00007fafee811000 JavaThread "C1 CompilerThread0" daemon [_thread_blocked, id=39683, stack(0x000000030ae48000,0x000000030af48000)]
  0x00007fafee811800 JavaThread "Sweeper thread" daemon [_thread_blocked, id=25859, stack(0x000000030af4b000,0x000000030b04b000)]
  0x00007fafef01f800 JavaThread "Common-Cleaner" daemon [_thread_blocked, id=38659, stack(0x000000030b04e000,0x000000030b14e000)]
  0x00007fafef134000 JavaThread "Monitor Ctrl-Break" daemon [_thread_in_vm, id=26883, stack(0x000000030b151000,0x000000030b251000)]

Other Threads:
  0x00007fafef022000 VMThread "VM Thread" [stack: 0x000000030a727000,0x000000030a827000] [id=15107]
  0x00007fafee152800 WatcherThread [stack: 0x000000030b254000,0x000000030b354000] [id=27971]
  0x00007fafde017800 GCTaskThread "GC Thread#0" [stack: 0x000000030a218000,0x000000030a318000] [id=12803]
  0x00007fafee833000 ConcurrentGCThread "G1 Main Marker" [stack: 0x000000030a31b000,0x000000030a41b000] [id=19203]
  0x00007fafde018000 ConcurrentGCThread "G1 Conc#0" [stack: 0x000000030a41e000,0x000000030a51e000] [id=18179]
  0x00007fafee078000 ConcurrentGCThread "G1 Refine#0" [stack: 0x000000030a521000,0x000000030a621000] [id=13315]
  0x00007fafde019000 ConcurrentGCThread "G1 Young RemSet Sampling" [stack: 0x000000030a624000,0x000000030a724000] [id=13827]

Threads with active compile tasks:

VM state:not at safepoint (normal execution)

VM Mutex/Monitor currently owned by a thread: None

Heap address: 0x0000000780000000, size: 2048 MB, Compressed Oops mode: Zero based, Oop shift amount: 3
Narrow klass base: 0x0000000800000000, Narrow klass shift: 0
Compressed class space size: 1073741824 Address: 0x0000000800000000

Heap:
 garbage-first heap   total 131072K, used 2048K [0x0000000780000000, 0x0000000800000000)
  region size 1024K, 3 young (3072K), 0 survivors (0K)
 Metaspace       used 6262K, capacity 6322K, committed 6528K, reserved 1056768K
  class space    used 541K, capacity 571K, committed 640K, reserved 1048576K
Heap Regions: E=young(eden), S=young(survivor), O=old, HS=humongous(starts), HC=humongous(continues), CS=collection set, F=free, A=archive, TAMS=top-at-mark-start (previous, next)
|   0|0x0000000780000000, 0x0000000780000000, 0x0000000780100000|  0%| F|  |TAMS 0x0000000780000000, 0x0000000780000000| Untracked 
|   1|0x0000000780100000, 0x0000000780100000, 0x0000000780200000|  0%| F|  |TAMS 0x0000000780100000, 0x0000000780100000| Untracked 
|   2|0x0000000780200000, 0x0000000780200000, 0x0000000780300000|  0%| F|  |TAMS 0x0000000780200000, 0x0000000780200000| Untracked 
|   3|0x0000000780300000, 0x0000000780300000, 0x0000000780400000|  0%| F|  |TAMS 0x0000000780300000, 0x0000000780300000| Untracked 
|   4|0x0000000780400000, 0x0000000780400000, 0x0000000780500000|  0%| F|  |TAMS 0x0000000780400000, 0x0000000780400000| Untracked 
|   5|0x0000000780500000, 0x0000000780500000, 0x0000000780600000|  0%| F|  |TAMS 0x0000000780500000, 0x0000000780500000| Untracked 
|   6|0x0000000780600000, 0x0000000780600000, 0x0000000780700000|  0%| F|  |TAMS 0x0000000780600000, 0x0000000780600000| Untracked 
|   7|0x0000000780700000, 0x0000000780700000, 0x0000000780800000|  0%| F|  |TAMS 0x0000000780700000, 0x0000000780700000| Untracked 
|   8|0x0000000780800000, 0x0000000780800000, 0x0000000780900000|  0%| F|  |TAMS 0x0000000780800000, 0x0000000780800000| Untracked 
|   9|0x0000000780900000, 0x0000000780900000, 0x0000000780a00000|  0%| F|  |TAMS 0x0000000780900000, 0x0000000780900000| Untracked 
|  10|0x0000000780a00000, 0x0000000780a00000, 0x0000000780b00000|  0%| F|  |TAMS 0x0000000780a00000, 0x0000000780a00000| Untracked 
|  11|0x0000000780b00000, 0x0000000780b00000, 0x0000000780c00000|  0%| F|  |TAMS 0x0000000780b00000, 0x0000000780b00000| Untracked 
|  12|0x0000000780c00000, 0x0000000780c00000, 0x0000000780d00000|  0%| F|  |TAMS 0x0000000780c00000, 0x0000000780c00000| Untracked 
|  13|0x0000000780d00000, 0x0000000780d00000, 0x0000000780e00000|  0%| F|  |TAMS 0x0000000780d00000, 0x0000000780d00000| Untracked 
|  14|0x0000000780e00000, 0x0000000780e00000, 0x0000000780f00000|  0%| F|  |TAMS 0x0000000780e00000, 0x0000000780e00000| Untracked 
|  15|0x0000000780f00000, 0x0000000780f00000, 0x0000000781000000|  0%| F|  |TAMS 0x0000000780f00000, 0x0000000780f00000| Untracked 
|  16|0x0000000781000000, 0x0000000781000000, 0x0000000781100000|  0%| F|  |TAMS 0x0000000781000000, 0x0000000781000000| Untracked 
|  17|0x0000000781100000, 0x0000000781100000, 0x0000000781200000|  0%| F|  |TAMS 0x0000000781100000, 0x0000000781100000| Untracked 
|  18|0x0000000781200000, 0x0000000781200000, 0x0000000781300000|  0%| F|  |TAMS 0x0000000781200000, 0x0000000781200000| Untracked 
|  19|0x0000000781300000, 0x0000000781300000, 0x0000000781400000|  0%| F|  |TAMS 0x0000000781300000, 0x0000000781300000| Untracked 
|  20|0x0000000781400000, 0x0000000781400000, 0x0000000781500000|  0%| F|  |TAMS 0x0000000781400000, 0x0000000781400000| Untracked 
|  21|0x0000000781500000, 0x0000000781500000, 0x0000000781600000|  0%| F|  |TAMS 0x0000000781500000, 0x0000000781500000| Untracked 
|  22|0x0000000781600000, 0x0000000781600000, 0x0000000781700000|  0%| F|  |TAMS 0x0000000781600000, 0x0000000781600000| Untracked 
|  23|0x0000000781700000, 0x0000000781700000, 0x0000000781800000|  0%| F|  |TAMS 0x0000000781700000, 0x0000000781700000| Untracked 
|  24|0x0000000781800000, 0x0000000781800000, 0x0000000781900000|  0%| F|  |TAMS 0x0000000781800000, 0x0000000781800000| Untracked 
|  25|0x0000000781900000, 0x0000000781900000, 0x0000000781a00000|  0%| F|  |TAMS 0x0000000781900000, 0x0000000781900000| Untracked 
|  26|0x0000000781a00000, 0x0000000781a00000, 0x0000000781b00000|  0%| F|  |TAMS 0x0000000781a00000, 0x0000000781a00000| Untracked 
|  27|0x0000000781b00000, 0x0000000781b00000, 0x0000000781c00000|  0%| F|  |TAMS 0x0000000781b00000, 0x0000000781b00000| Untracked 
|  28|0x0000000781c00000, 0x0000000781c00000, 0x0000000781d00000|  0%| F|  |TAMS 0x0000000781c00000, 0x0000000781c00000| Untracked 
|  29|0x0000000781d00000, 0x0000000781d00000, 0x0000000781e00000|  0%| F|  |TAMS 0x0000000781d00000, 0x0000000781d00000| Untracked 
|  30|0x0000000781e00000, 0x0000000781e00000, 0x0000000781f00000|  0%| F|  |TAMS 0x0000000781e00000, 0x0000000781e00000| Untracked 
|  31|0x0000000781f00000, 0x0000000781f00000, 0x0000000782000000|  0%| F|  |TAMS 0x0000000781f00000, 0x0000000781f00000| Untracked 
|  32|0x0000000782000000, 0x0000000782000000, 0x0000000782100000|  0%| F|  |TAMS 0x0000000782000000, 0x0000000782000000| Untracked 
|  33|0x0000000782100000, 0x0000000782100000, 0x0000000782200000|  0%| F|  |TAMS 0x0000000782100000, 0x0000000782100000| Untracked 
|  34|0x0000000782200000, 0x0000000782200000, 0x0000000782300000|  0%| F|  |TAMS 0x0000000782200000, 0x0000000782200000| Untracked 
|  35|0x0000000782300000, 0x0000000782300000, 0x0000000782400000|  0%| F|  |TAMS 0x0000000782300000, 0x0000000782300000| Untracked 
|  36|0x0000000782400000, 0x0000000782400000, 0x0000000782500000|  0%| F|  |TAMS 0x0000000782400000, 0x0000000782400000| Untracked 
|  37|0x0000000782500000, 0x0000000782500000, 0x0000000782600000|  0%| F|  |TAMS 0x0000000782500000, 0x0000000782500000| Untracked 
|  38|0x0000000782600000, 0x0000000782600000, 0x0000000782700000|  0%| F|  |TAMS 0x0000000782600000, 0x0000000782600000| Untracked 
|  39|0x0000000782700000, 0x0000000782700000, 0x0000000782800000|  0%| F|  |TAMS 0x0000000782700000, 0x0000000782700000| Untracked 
|  40|0x0000000782800000, 0x0000000782800000, 0x0000000782900000|  0%| F|  |TAMS 0x0000000782800000, 0x0000000782800000| Untracked 
|  41|0x0000000782900000, 0x0000000782900000, 0x0000000782a00000|  0%| F|  |TAMS 0x0000000782900000, 0x0000000782900000| Untracked 
|  42|0x0000000782a00000, 0x0000000782a00000, 0x0000000782b00000|  0%| F|  |TAMS 0x0000000782a00000, 0x0000000782a00000| Untracked 
|  43|0x0000000782b00000, 0x0000000782b00000, 0x0000000782c00000|  0%| F|  |TAMS 0x0000000782b00000, 0x0000000782b00000| Untracked 
|  44|0x0000000782c00000, 0x0000000782c00000, 0x0000000782d00000|  0%| F|  |TAMS 0x0000000782c00000, 0x0000000782c00000| Untracked 
|  45|0x0000000782d00000, 0x0000000782d00000, 0x0000000782e00000|  0%| F|  |TAMS 0x0000000782d00000, 0x0000000782d00000| Untracked 
|  46|0x0000000782e00000, 0x0000000782e00000, 0x0000000782f00000|  0%| F|  |TAMS 0x0000000782e00000, 0x0000000782e00000| Untracked 
|  47|0x0000000782f00000, 0x0000000782f00000, 0x0000000783000000|  0%| F|  |TAMS 0x0000000782f00000, 0x0000000782f00000| Untracked 
|  48|0x0000000783000000, 0x0000000783000000, 0x0000000783100000|  0%| F|  |TAMS 0x0000000783000000, 0x0000000783000000| Untracked 
|  49|0x0000000783100000, 0x0000000783100000, 0x0000000783200000|  0%| F|  |TAMS 0x0000000783100000, 0x0000000783100000| Untracked 
|  50|0x0000000783200000, 0x0000000783200000, 0x0000000783300000|  0%| F|  |TAMS 0x0000000783200000, 0x0000000783200000| Untracked 
|  51|0x0000000783300000, 0x0000000783300000, 0x0000000783400000|  0%| F|  |TAMS 0x0000000783300000, 0x0000000783300000| Untracked 
|  52|0x0000000783400000, 0x0000000783400000, 0x0000000783500000|  0%| F|  |TAMS 0x0000000783400000, 0x0000000783400000| Untracked 
|  53|0x0000000783500000, 0x0000000783500000, 0x0000000783600000|  0%| F|  |TAMS 0x0000000783500000, 0x0000000783500000| Untracked 
|  54|0x0000000783600000, 0x0000000783600000, 0x0000000783700000|  0%| F|  |TAMS 0x0000000783600000, 0x0000000783600000| Untracked 
|  55|0x0000000783700000, 0x0000000783700000, 0x0000000783800000|  0%| F|  |TAMS 0x0000000783700000, 0x0000000783700000| Untracked 
|  56|0x0000000783800000, 0x0000000783800000, 0x0000000783900000|  0%| F|  |TAMS 0x0000000783800000, 0x0000000783800000| Untracked 
|  57|0x0000000783900000, 0x0000000783900000, 0x0000000783a00000|  0%| F|  |TAMS 0x0000000783900000, 0x0000000783900000| Untracked 
|  58|0x0000000783a00000, 0x0000000783a00000, 0x0000000783b00000|  0%| F|  |TAMS 0x0000000783a00000, 0x0000000783a00000| Untracked 
|  59|0x0000000783b00000, 0x0000000783b00000, 0x0000000783c00000|  0%| F|  |TAMS 0x0000000783b00000, 0x0000000783b00000| Untracked 
|  60|0x0000000783c00000, 0x0000000783c00000, 0x0000000783d00000|  0%| F|  |TAMS 0x0000000783c00000, 0x0000000783c00000| Untracked 
|  61|0x0000000783d00000, 0x0000000783d00000, 0x0000000783e00000|  0%| F|  |TAMS 0x0000000783d00000, 0x0000000783d00000| Untracked 
|  62|0x0000000783e00000, 0x0000000783e00000, 0x0000000783f00000|  0%| F|  |TAMS 0x0000000783e00000, 0x0000000783e00000| Untracked 
|  63|0x0000000783f00000, 0x0000000783f00000, 0x0000000784000000|  0%| F|  |TAMS 0x0000000783f00000, 0x0000000783f00000| Untracked 
|  64|0x0000000784000000, 0x0000000784000000, 0x0000000784100000|  0%| F|  |TAMS 0x0000000784000000, 0x0000000784000000| Untracked 
|  65|0x0000000784100000, 0x0000000784100000, 0x0000000784200000|  0%| F|  |TAMS 0x0000000784100000, 0x0000000784100000| Untracked 
|  66|0x0000000784200000, 0x0000000784200000, 0x0000000784300000|  0%| F|  |TAMS 0x0000000784200000, 0x0000000784200000| Untracked 
|  67|0x0000000784300000, 0x0000000784300000, 0x0000000784400000|  0%| F|  |TAMS 0x0000000784300000, 0x0000000784300000| Untracked 
|  68|0x0000000784400000, 0x0000000784400000, 0x0000000784500000|  0%| F|  |TAMS 0x0000000784400000, 0x0000000784400000| Untracked 
|  69|0x0000000784500000, 0x0000000784500000, 0x0000000784600000|  0%| F|  |TAMS 0x0000000784500000, 0x0000000784500000| Untracked 
|  70|0x0000000784600000, 0x0000000784600000, 0x0000000784700000|  0%| F|  |TAMS 0x0000000784600000, 0x0000000784600000| Untracked 
|  71|0x0000000784700000, 0x0000000784700000, 0x0000000784800000|  0%| F|  |TAMS 0x0000000784700000, 0x0000000784700000| Untracked 
|  72|0x0000000784800000, 0x0000000784800000, 0x0000000784900000|  0%| F|  |TAMS 0x0000000784800000, 0x0000000784800000| Untracked 
|  73|0x0000000784900000, 0x0000000784900000, 0x0000000784a00000|  0%| F|  |TAMS 0x0000000784900000, 0x0000000784900000| Untracked 
|  74|0x0000000784a00000, 0x0000000784a00000, 0x0000000784b00000|  0%| F|  |TAMS 0x0000000784a00000, 0x0000000784a00000| Untracked 
|  75|0x0000000784b00000, 0x0000000784b00000, 0x0000000784c00000|  0%| F|  |TAMS 0x0000000784b00000, 0x0000000784b00000| Untracked 
|  76|0x0000000784c00000, 0x0000000784c00000, 0x0000000784d00000|  0%| F|  |TAMS 0x0000000784c00000, 0x0000000784c00000| Untracked 
|  77|0x0000000784d00000, 0x0000000784d00000, 0x0000000784e00000|  0%| F|  |TAMS 0x0000000784d00000, 0x0000000784d00000| Untracked 
|  78|0x0000000784e00000, 0x0000000784e00000, 0x0000000784f00000|  0%| F|  |TAMS 0x0000000784e00000, 0x0000000784e00000| Untracked 
|  79|0x0000000784f00000, 0x0000000784f00000, 0x0000000785000000|  0%| F|  |TAMS 0x0000000784f00000, 0x0000000784f00000| Untracked 
|  80|0x0000000785000000, 0x0000000785000000, 0x0000000785100000|  0%| F|  |TAMS 0x0000000785000000, 0x0000000785000000| Untracked 
|  81|0x0000000785100000, 0x0000000785100000, 0x0000000785200000|  0%| F|  |TAMS 0x0000000785100000, 0x0000000785100000| Untracked 
|  82|0x0000000785200000, 0x0000000785200000, 0x0000000785300000|  0%| F|  |TAMS 0x0000000785200000, 0x0000000785200000| Untracked 
|  83|0x0000000785300000, 0x0000000785300000, 0x0000000785400000|  0%| F|  |TAMS 0x0000000785300000, 0x0000000785300000| Untracked 
|  84|0x0000000785400000, 0x0000000785400000, 0x0000000785500000|  0%| F|  |TAMS 0x0000000785400000, 0x0000000785400000| Untracked 
|  85|0x0000000785500000, 0x0000000785500000, 0x0000000785600000|  0%| F|  |TAMS 0x0000000785500000, 0x0000000785500000| Untracked 
|  86|0x0000000785600000, 0x0000000785600000, 0x0000000785700000|  0%| F|  |TAMS 0x0000000785600000, 0x0000000785600000| Untracked 
|  87|0x0000000785700000, 0x0000000785700000, 0x0000000785800000|  0%| F|  |TAMS 0x0000000785700000, 0x0000000785700000| Untracked 
|  88|0x0000000785800000, 0x0000000785800000, 0x0000000785900000|  0%| F|  |TAMS 0x0000000785800000, 0x0000000785800000| Untracked 
|  89|0x0000000785900000, 0x0000000785900000, 0x0000000785a00000|  0%| F|  |TAMS 0x0000000785900000, 0x0000000785900000| Untracked 
|  90|0x0000000785a00000, 0x0000000785a00000, 0x0000000785b00000|  0%| F|  |TAMS 0x0000000785a00000, 0x0000000785a00000| Untracked 
|  91|0x0000000785b00000, 0x0000000785b00000, 0x0000000785c00000|  0%| F|  |TAMS 0x0000000785b00000, 0x0000000785b00000| Untracked 
|  92|0x0000000785c00000, 0x0000000785c00000, 0x0000000785d00000|  0%| F|  |TAMS 0x0000000785c00000, 0x0000000785c00000| Untracked 
|  93|0x0000000785d00000, 0x0000000785d00000, 0x0000000785e00000|  0%| F|  |TAMS 0x0000000785d00000, 0x0000000785d00000| Untracked 
|  94|0x0000000785e00000, 0x0000000785e00000, 0x0000000785f00000|  0%| F|  |TAMS 0x0000000785e00000, 0x0000000785e00000| Untracked 
|  95|0x0000000785f00000, 0x0000000785f00000, 0x0000000786000000|  0%| F|  |TAMS 0x0000000785f00000, 0x0000000785f00000| Untracked 
|  96|0x0000000786000000, 0x0000000786000000, 0x0000000786100000|  0%| F|  |TAMS 0x0000000786000000, 0x0000000786000000| Untracked 
|  97|0x0000000786100000, 0x0000000786100000, 0x0000000786200000|  0%| F|  |TAMS 0x0000000786100000, 0x0000000786100000| Untracked 
|  98|0x0000000786200000, 0x0000000786200000, 0x0000000786300000|  0%| F|  |TAMS 0x0000000786200000, 0x0000000786200000| Untracked 
|  99|0x0000000786300000, 0x0000000786300000, 0x0000000786400000|  0%| F|  |TAMS 0x0000000786300000, 0x0000000786300000| Untracked 
| 100|0x0000000786400000, 0x0000000786400000, 0x0000000786500000|  0%| F|  |TAMS 0x0000000786400000, 0x0000000786400000| Untracked 
| 101|0x0000000786500000, 0x0000000786500000, 0x0000000786600000|  0%| F|  |TAMS 0x0000000786500000, 0x0000000786500000| Untracked 
| 102|0x0000000786600000, 0x0000000786600000, 0x0000000786700000|  0%| F|  |TAMS 0x0000000786600000, 0x0000000786600000| Untracked 
| 103|0x0000000786700000, 0x0000000786700000, 0x0000000786800000|  0%| F|  |TAMS 0x0000000786700000, 0x0000000786700000| Untracked 
| 104|0x0000000786800000, 0x0000000786800000, 0x0000000786900000|  0%| F|  |TAMS 0x0000000786800000, 0x0000000786800000| Untracked 
| 105|0x0000000786900000, 0x0000000786900000, 0x0000000786a00000|  0%| F|  |TAMS 0x0000000786900000, 0x0000000786900000| Untracked 
| 106|0x0000000786a00000, 0x0000000786a00000, 0x0000000786b00000|  0%| F|  |TAMS 0x0000000786a00000, 0x0000000786a00000| Untracked 
| 107|0x0000000786b00000, 0x0000000786b00000, 0x0000000786c00000|  0%| F|  |TAMS 0x0000000786b00000, 0x0000000786b00000| Untracked 
| 108|0x0000000786c00000, 0x0000000786c00000, 0x0000000786d00000|  0%| F|  |TAMS 0x0000000786c00000, 0x0000000786c00000| Untracked 
| 109|0x0000000786d00000, 0x0000000786d00000, 0x0000000786e00000|  0%| F|  |TAMS 0x0000000786d00000, 0x0000000786d00000| Untracked 
| 110|0x0000000786e00000, 0x0000000786e00000, 0x0000000786f00000|  0%| F|  |TAMS 0x0000000786e00000, 0x0000000786e00000| Untracked 
| 111|0x0000000786f00000, 0x0000000786f00000, 0x0000000787000000|  0%| F|  |TAMS 0x0000000786f00000, 0x0000000786f00000| Untracked 
| 112|0x0000000787000000, 0x0000000787000000, 0x0000000787100000|  0%| F|  |TAMS 0x0000000787000000, 0x0000000787000000| Untracked 
| 113|0x0000000787100000, 0x0000000787100000, 0x0000000787200000|  0%| F|  |TAMS 0x0000000787100000, 0x0000000787100000| Untracked 
| 114|0x0000000787200000, 0x0000000787200000, 0x0000000787300000|  0%| F|  |TAMS 0x0000000787200000, 0x0000000787200000| Untracked 
| 115|0x0000000787300000, 0x0000000787300000, 0x0000000787400000|  0%| F|  |TAMS 0x0000000787300000, 0x0000000787300000| Untracked 
| 116|0x0000000787400000, 0x0000000787400000, 0x0000000787500000|  0%| F|  |TAMS 0x0000000787400000, 0x0000000787400000| Untracked 
| 117|0x0000000787500000, 0x0000000787500000, 0x0000000787600000|  0%| F|  |TAMS 0x0000000787500000, 0x0000000787500000| Untracked 
| 118|0x0000000787600000, 0x0000000787600000, 0x0000000787700000|  0%| F|  |TAMS 0x0000000787600000, 0x0000000787600000| Untracked 
| 119|0x0000000787700000, 0x0000000787700000, 0x0000000787800000|  0%| F|  |TAMS 0x0000000787700000, 0x0000000787700000| Untracked 
| 120|0x0000000787800000, 0x0000000787800000, 0x0000000787900000|  0%| F|  |TAMS 0x0000000787800000, 0x0000000787800000| Untracked 
| 121|0x0000000787900000, 0x0000000787900000, 0x0000000787a00000|  0%| F|  |TAMS 0x0000000787900000, 0x0000000787900000| Untracked 
| 122|0x0000000787a00000, 0x0000000787a00000, 0x0000000787b00000|  0%| F|  |TAMS 0x0000000787a00000, 0x0000000787a00000| Untracked 
| 123|0x0000000787b00000, 0x0000000787b00000, 0x0000000787c00000|  0%| F|  |TAMS 0x0000000787b00000, 0x0000000787b00000| Untracked 
| 124|0x0000000787c00000, 0x0000000787c00000, 0x0000000787d00000|  0%| F|  |TAMS 0x0000000787c00000, 0x0000000787c00000| Untracked 
| 125|0x0000000787d00000, 0x0000000787d7b7c0, 0x0000000787e00000| 48%| E|  |TAMS 0x0000000787d00000, 0x0000000787d00000| Complete 
| 126|0x0000000787e00000, 0x0000000787f00000, 0x0000000787f00000|100%| E|CS|TAMS 0x0000000787e00000, 0x0000000787e00000| Complete 
| 127|0x0000000787f00000, 0x0000000788000000, 0x0000000788000000|100%| E|CS|TAMS 0x0000000787f00000, 0x0000000787f00000| Complete 

Card table byte_map: [0x00000001294b0000,0x00000001298b0000] _byte_map_base: 0x00000001258b0000

Marking Bits (Prev, Next): (CMBitMap*) 0x00007fafee82a218, (CMBitMap*) 0x00007fafee82a250
 Prev Bits: [0x0000000129cb0000, 0x000000012bcb0000)
 Next Bits: [0x000000012bcb0000, 0x000000012dcb0000)

Polling page: 0x0000000102f43000

Metaspace:

Usage:
  Non-class:      5.68 MB capacity,     5.61 MB ( 99%) used,    68.16 KB (  1%) free+waste,     3.62 KB ( <1%) overhead. 
      Class:    571.00 KB capacity,   548.03 KB ( 96%) used,    21.28 KB (  4%) free+waste,     1.69 KB ( <1%) overhead. 
       Both:      6.24 MB capacity,     6.14 MB ( 99%) used,    89.44 KB (  1%) free+waste,     5.31 KB ( <1%) overhead. 

Virtual space:
  Non-class space:        8.00 MB reserved,       5.75 MB ( 72%) committed 
      Class space:        1.00 GB reserved,     640.00 KB ( <1%) committed 
             Both:        1.01 GB reserved,       6.38 MB ( <1%) committed 

Chunk freelists:
   Non-Class:  9.00 KB
       Class:  5.00 KB
        Both:  14.00 KB

MaxMetaspaceSize: unlimited
CompressedClassSpaceSize: 1.00 GB

CodeHeap 'non-profiled nmethods': size=120032Kb used=56Kb max_used=56Kb free=119975Kb
 bounds [0x0000000121b78000, 0x0000000121de8000, 0x00000001290b0000]
CodeHeap 'profiled nmethods': size=120028Kb used=218Kb max_used=218Kb free=119809Kb
 bounds [0x000000011a641000, 0x000000011a8b1000, 0x0000000121b78000]
CodeHeap 'non-nmethods': size=5700Kb used=1032Kb max_used=1040Kb free=4668Kb
 bounds [0x000000011a0b0000, 0x000000011a320000, 0x000000011a641000]
 total_blobs=517 nmethods=189 adapters=242
 compilation: enabled
              stopped_count=0, restarted_count=0
 full_count=0

Compilation events (20 events):
Event: 0.253 Thread 0x00007fafee811000 nmethod 169 0x000000011a66fd90 code [0x000000011a66ff60, 0x000000011a670270]
Event: 0.253 Thread 0x00007fafee811000  170       3       java.lang.invoke.MethodType::<init> (15 bytes)
Event: 0.253 Thread 0x00007fafee811000 nmethod 170 0x000000011a670390 code [0x000000011a670540, 0x000000011a670750]
Event: 0.253 Thread 0x00007fafee811000  171       1       java.lang.invoke.MethodType::form (5 bytes)
Event: 0.253 Thread 0x00007fafee811000 nmethod 171 0x0000000121b84f10 code [0x0000000121b850c0, 0x0000000121b85170]
Event: 0.254 Thread 0x00007fafee811000  172       3       java.util.zip.ZipUtils::SH (21 bytes)
Event: 0.254 Thread 0x00007fafee811000 nmethod 172 0x000000011a670810 code [0x000000011a6709c0, 0x000000011a670af0]
Event: 0.255 Thread 0x00007fafee810000 nmethod 163 0x0000000121b85210 code [0x0000000121b853a0, 0x0000000121b856b8]
Event: 0.264 Thread 0x00007fafee811000  173       3       java.lang.String::substring (58 bytes)
Event: 0.265 Thread 0x00007fafee811000 nmethod 173 0x000000011a670c10 code [0x000000011a670e40, 0x000000011a6714e0]
Event: 0.265 Thread 0x00007fafee811000  174       3       java.lang.String::checkBoundsBeginEnd (60 bytes)
Event: 0.265 Thread 0x00007fafee811000 nmethod 174 0x000000011a671710 code [0x000000011a6719e0, 0x000000011a672510]
Event: 0.266 Thread 0x00007fafee811000  175       3       java.lang.StringBuilder::append (8 bytes)
Event: 0.266 Thread 0x00007fafee811000 nmethod 175 0x000000011a672910 code [0x000000011a672ac0, 0x000000011a672c00]
Event: 0.266 Thread 0x00007fafee811000  176       3       java.lang.AbstractStringBuilder::append (77 bytes)
Event: 0.267 Thread 0x00007fafee811000 nmethod 176 0x000000011a672c90 code [0x000000011a672ec0, 0x000000011a673540]
Event: 0.271 Thread 0x00007fafee811000  177       3       java.lang.StringLatin1::lastIndexOf (40 bytes)
Event: 0.271 Thread 0x00007fafee811000 nmethod 177 0x000000011a673790 code [0x000000011a673960, 0x000000011a673d10]
Event: 0.274 Thread 0x00007fafee811000  178       3       java.lang.System::getSecurityManager (4 bytes)
Event: 0.275 Thread 0x00007fafee811000 nmethod 178 0x000000011a673e90 code [0x000000011a674040, 0x000000011a674130]

GC Heap History (0 events):
No events

Deoptimization events (0 events):
No events

Classes redefined (0 events):
No events

Internal exceptions (0 events):
No events

Events (20 events):
Event: 0.281 loading class java/net/InetAddress$InetAddressHolder done
Event: 0.281 loading class java/util/concurrent/ConcurrentSkipListSet
Event: 0.281 loading class java/io/FileInputStream$1
Event: 0.281 loading class java/io/FileInputStream$1 done
Event: 0.281 loading class java/util/NavigableSet
Event: 0.281 loading class java/util/SortedSet
Event: 0.281 loading class java/util/SortedSet done
Event: 0.282 loading class java/util/NavigableSet done
Event: 0.282 loading class java/util/concurrent/ConcurrentSkipListSet done
Event: 0.282 loading class java/util/concurrent/ConcurrentSkipListMap
Event: 0.282 loading class java/util/concurrent/ConcurrentNavigableMap
Event: 0.282 loading class java/util/NavigableMap
Event: 0.282 loading class java/util/SortedMap
Event: 0.282 loading class java/util/SortedMap done
Event: 0.282 loading class java/util/NavigableMap done
Event: 0.282 loading class java/util/concurrent/ConcurrentNavigableMap done
Event: 0.282 loading class java/util/concurrent/ConcurrentSkipListMap done
Event: 0.283 loading class java/util/concurrent/ConcurrentSkipListMap$Index
Event: 0.283 loading class java/util/concurrent/ConcurrentSkipListMap$Index done
Event: 0.283 loading class java/lang/invoke/VarHandleObjects$FieldInstanceReadWrite


Dynamic libraries:
0x00007ffdfff0b000 	/Library/Apple/usr/libexec/oah/runtime
0x00007fff3528f000 	/System/Library/Frameworks/Cocoa.framework/Versions/A/Cocoa
0x00007fff22134000 	/System/Library/Frameworks/Security.framework/Versions/A/Security
0x00007fff3348c000 	/System/Library/Frameworks/ApplicationServices.framework/Versions/A/ApplicationServices
0x00007fff2a5dd000 	/usr/lib/libz.1.dylib
0x000000010b1e7000 	/Library/Java/JavaVirtualMachines/amazon-corretto-11.jdk/Contents/Home/lib/jli/libjli.dylib
0x00007fff2a6a9000 	/usr/lib/libSystem.B.dylib
0x00007fff22b5b000 	/System/Library/Frameworks/AppKit.framework/Versions/C/AppKit
0x00007fff25a19000 	/System/Library/Frameworks/CoreData.framework/Versions/A/CoreData
0x00007fff210a7000 	/System/Library/Frameworks/Foundation.framework/Versions/C/Foundation
0x00007fff238be000 	/System/Library/PrivateFrameworks/UIFoundation.framework/Versions/A/UIFoundation
0x00007fff2fe6b000 	/System/Library/PrivateFrameworks/RemoteViewServices.framework/Versions/A/RemoteViewServices
0x00007fff28bf5000 	/System/Library/PrivateFrameworks/XCTTargetBootstrap.framework/Versions/A/XCTTargetBootstrap
0x00007fff2b947000 	/usr/lib/libspindump.dylib
0x00007fff23b13000 	/System/Library/Frameworks/UniformTypeIdentifiers.framework/Versions/A/UniformTypeIdentifiers
0x00007fff273cb000 	/usr/lib/libapp_launch_measurement.dylib
0x00007fff273ce000 	/System/Library/PrivateFrameworks/CoreAutoLayout.framework/Versions/A/CoreAutoLayout
0x00007fff28557000 	/System/Library/Frameworks/Metal.framework/Versions/A/Metal
0x00007fff2924e000 	/usr/lib/liblangid.dylib
0x00007fff28bf9000 	/System/Library/PrivateFrameworks/CoreSVG.framework/Versions/A/CoreSVG
0x00007fff24afa000 	/System/Library/PrivateFrameworks/SkyLight.framework/Versions/A/SkyLight
0x00007fff24e61000 	/System/Library/Frameworks/CoreGraphics.framework/Versions/A/CoreGraphics
0x00007fff304c2000 	/System/Library/Frameworks/Accelerate.framework/Versions/A/Accelerate
0x00007fff2b382000 	/System/Library/PrivateFrameworks/IconServices.framework/Versions/A/IconServices
0x00007fff2853c000 	/System/Library/Frameworks/IOSurface.framework/Versions/A/IOSurface
0x00007fff263ab000 	/usr/lib/libDiagnosticMessagesClient.dylib
0x00007fff28be1000 	/System/Library/PrivateFrameworks/DFRFoundation.framework/Versions/A/DFRFoundation
0x00007fff22486000 	/usr/lib/libicucore.A.dylib
0x00007fff2ce8c000 	/System/Library/Frameworks/AudioToolbox.framework/Versions/A/AudioToolbox
0x00007fff2c131000 	/System/Library/PrivateFrameworks/DataDetectorsCore.framework/Versions/A/DataDetectorsCore
0x00007fff288e1000 	/System/Library/Frameworks/Carbon.framework/Versions/A/Frameworks/HIToolbox.framework/Versions/A/HIToolbox
0x00007fff26e26000 	/System/Library/Frameworks/QuartzCore.framework/Versions/A/QuartzCore
0x00007fff2fea7000 	/System/Library/Frameworks/Carbon.framework/Versions/A/Frameworks/SpeechRecognition.framework/Versions/A/SpeechRecognition
0x00007fff27133000 	/System/Library/PrivateFrameworks/CoreUI.framework/Versions/A/CoreUI
0x00007fff21a8f000 	/System/Library/Frameworks/CoreAudio.framework/Versions/A/CoreAudio
0x00007fff26496000 	/System/Library/Frameworks/DiskArbitration.framework/Versions/A/DiskArbitration
0x00007fff2bd41000 	/System/Library/PrivateFrameworks/MultitouchSupport.framework/Versions/A/MultitouchSupport
0x00007fff2c128000 	/System/Library/PrivateFrameworks/InternationalSupport.framework/Versions/A/InternationalSupport
0x00007fff24a6e000 	/usr/lib/libenergytrace.dylib
0x00007fff22a54000 	/System/Library/Frameworks/IOKit.framework/Versions/A/IOKit
0x00007fff301f4000 	/System/Library/Frameworks/CoreServices.framework/Versions/A/CoreServices
0x00007fff27361000 	/System/Library/PrivateFrameworks/PerformanceAnalysis.framework/Versions/A/PerformanceAnalysis
0x00007fff6cb69000 	/System/Library/Frameworks/OpenGL.framework/Versions/A/OpenGL
0x00007fff2c1ad000 	/System/Library/PrivateFrameworks/UserActivity.framework/Versions/A/UserActivity
0x00007fff201e4000 	/usr/lib/libobjc.A.dylib
0x00007fff2551b000 	/System/Library/Frameworks/ColorSync.framework/Versions/A/ColorSync
0x00007fff203c5000 	/System/Library/Frameworks/CoreFoundation.framework/Versions/A/CoreFoundation
0x00007fff28e65000 	/System/Library/Frameworks/CoreImage.framework/Versions/A/CoreImage
0x00007fff218a6000 	/System/Library/Frameworks/CoreText.framework/Versions/A/CoreText
0x00007fff28c23000 	/System/Library/Frameworks/ImageIO.framework/Versions/A/ImageIO
0x00007fff2a6af000 	/System/Library/PrivateFrameworks/SoftLinking.framework/Versions/A/SoftLinking
0x00007fff27417000 	/usr/lib/libxml2.2.dylib
0x00007fff202aa000 	/usr/lib/libc++.1.dylib
0x00007fff2a921000 	/usr/lib/libcompression.dylib
0x00007fff24a6f000 	/usr/lib/libMobileGestalt.dylib
0x00007fff2c05b000 	/System/Library/PrivateFrameworks/TextureIO.framework/Versions/A/TextureIO
0x00007fff2b00f000 	/usr/lib/libate.dylib
0x00007fff2a6a3000 	/usr/lib/system/libcache.dylib
0x00007fff2a65f000 	/usr/lib/system/libcommonCrypto.dylib
0x00007fff2a689000 	/usr/lib/system/libcompiler_rt.dylib
0x00007fff2a67e000 	/usr/lib/system/libcopyfile.dylib
0x00007fff200d2000 	/usr/lib/system/libcorecrypto.dylib
0x00007fff2019f000 	/usr/lib/system/libdispatch.dylib
0x00007fff20354000 	/usr/lib/system/libdyld.dylib
0x00007fff2a69a000 	/usr/lib/system/libkeymgr.dylib
0x00007fff2dc3e000 	/usr/lib/system/liblaunch.dylib
0x00007fff2a63d000 	/usr/lib/system/libmacho.dylib
0x00007fff29e52000 	/usr/lib/system/libquarantine.dylib
0x00007fff2a697000 	/usr/lib/system/libremovefile.dylib
0x00007fff24acb000 	/usr/lib/system/libsystem_asl.dylib
0x00007fff20082000 	/usr/lib/system/libsystem_blocks.dylib
0x00007fff20221000 	/usr/lib/system/libsystem_c.dylib
0x00007fff2a691000 	/usr/lib/system/libsystem_collections.dylib
0x00007fff2923f000 	/usr/lib/system/libsystem_configuration.dylib
0x00007fff2852b000 	/usr/lib/system/libsystem_containermanager.dylib
0x00007fff2a3d5000 	/usr/lib/system/libsystem_coreservices.dylib
0x00007fff226e8000 	/usr/lib/system/libsystem_darwin.dylib
0x00007fff2a69b000 	/usr/lib/system/libsystem_dnssd.dylib
0x00007fff2021e000 	/usr/lib/system/libsystem_featureflags.dylib
0x00007fff20399000 	/usr/lib/system/libsystem_info.dylib
0x00007fff2a5f0000 	/usr/lib/system/libsystem_m.dylib
0x00007fff20172000 	/usr/lib/system/libsystem_malloc.dylib
0x00007fff24a5f000 	/usr/lib/system/libsystem_networkextension.dylib
0x00007fff22b03000 	/usr/lib/system/libsystem_notify.dylib
0x00007fff300f2000 	/usr/lib/system/libsystem_product_info_filter.dylib
0x00007fff29243000 	/usr/lib/system/libsystem_sandbox.dylib
0x00007fff2a694000 	/usr/lib/system/libsystem_secinit.dylib
0x00007fff20319000 	/usr/lib/system/libsystem_kernel.dylib
0x00007fff2038f000 	/usr/lib/system/libsystem_platform.dylib
0x00007fff20348000 	/usr/lib/system/libsystem_pthread.dylib
0x00007fff261f9000 	/usr/lib/system/libsystem_symptoms.dylib
0x00007fff200ba000 	/usr/lib/system/libsystem_trace.dylib
0x00007fff2a66b000 	/usr/lib/system/libunwind.dylib
0x00007fff20084000 	/usr/lib/system/libxpc.dylib
0x00007fff20300000 	/usr/lib/libc++abi.dylib
0x00007fff2a676000 	/usr/lib/liboah.dylib
0x00007fff2ad3a000 	/usr/lib/liblzma.5.dylib
0x00007fff20dbb000 	/System/Library/Frameworks/SystemConfiguration.framework/Versions/A/SystemConfiguration
0x00007fff2a6ab000 	/usr/lib/libfakelink.dylib
0x00007fff245c1000 	/System/Library/Frameworks/CFNetwork.framework/Versions/A/CFNetwork
0x00007fff2a7eb000 	/usr/lib/libarchive.2.dylib
0x00007fff20e39000 	/usr/lib/libCRFSuite.dylib
0x00007fff29e79000 	/usr/lib/libbsm.0.dylib
0x00007fff23f7d000 	/usr/lib/libnetwork.dylib
0x00007fff2a6b0000 	/usr/lib/libpcap.A.dylib
0x00007fff261f2000 	/usr/lib/libdns_services.dylib
0x00007fff2ad53000 	/usr/lib/libcoretls_cfhelpers.dylib
0x00007fff2a8ef000 	/usr/lib/libapple_nghttp2.dylib
0x00007fff2a643000 	/usr/lib/system/libkxld.dylib
0x00007fff25e60000 	/usr/lib/libsqlite3.dylib
0x00007fff2a3b7000 	/System/Library/PrivateFrameworks/AppleFSCompression.framework/Versions/A/AppleFSCompression
0x00007fff29e61000 	/usr/lib/libcoretls.dylib
0x00007fff2a91c000 	/usr/lib/libpam.2.dylib
0x00007fff2ae50000 	/usr/lib/libxar.1.dylib
0x00007fff2924a000 	/System/Library/PrivateFrameworks/AppleSystemInfo.framework/Versions/A/AppleSystemInfo
0x00007fff29aa4000 	/System/Library/PrivateFrameworks/IOMobileFramebuffer.framework/Versions/A/IOMobileFramebuffer
0x00007fff2a3c7000 	/usr/lib/libbz2.1.0.dylib
0x00007fff2a6e8000 	/usr/lib/libiconv.2.dylib
0x00007fff2a63c000 	/usr/lib/libcharset.1.dylib
0x00007fff2739d000 	/System/Library/Frameworks/CoreServices.framework/Versions/A/Frameworks/FSEvents.framework/Versions/A/FSEvents
0x00007fff226f2000 	/System/Library/Frameworks/CoreServices.framework/Versions/A/Frameworks/CarbonCore.framework/Versions/A/CarbonCore
0x00007fff263fb000 	/System/Library/Frameworks/CoreServices.framework/Versions/A/Frameworks/Metadata.framework/Versions/A/Metadata
0x00007fff2a3da000 	/System/Library/Frameworks/CoreServices.framework/Versions/A/Frameworks/OSServices.framework/Versions/A/OSServices
0x00007fff2a85d000 	/System/Library/Frameworks/CoreServices.framework/Versions/A/Frameworks/SearchKit.framework/Versions/A/SearchKit
0x00007fff2617c000 	/System/Library/Frameworks/CoreServices.framework/Versions/A/Frameworks/AE.framework/Versions/A/AE
0x00007fff20861000 	/System/Library/Frameworks/CoreServices.framework/Versions/A/Frameworks/LaunchServices.framework/Versions/A/LaunchServices
0x00007fff2aceb000 	/System/Library/Frameworks/CoreServices.framework/Versions/A/Frameworks/DictionaryServices.framework/Versions/A/DictionaryServices
0x00007fff273a6000 	/System/Library/Frameworks/CoreServices.framework/Versions/A/Frameworks/SharedFileList.framework/Versions/A/SharedFileList
0x00007fff29e55000 	/usr/lib/libCheckFix.dylib
0x00007fff24ae2000 	/System/Library/PrivateFrameworks/TCC.framework/Versions/A/TCC
0x00007fff29250000 	/System/Library/PrivateFrameworks/CoreNLP.framework/Versions/A/CoreNLP
0x00007fff263ae000 	/System/Library/PrivateFrameworks/MetadataUtilities.framework/Versions/A/MetadataUtilities
0x00007fff20e6f000 	/usr/lib/libmecabra.dylib
0x00007fff2a169000 	/System/Library/Frameworks/MLCompute.framework/Versions/A/MLCompute
0x00007fff29e8a000 	/usr/lib/libmecab.dylib
0x00007fff29ed4000 	/usr/lib/libgermantok.dylib
0x00007fff2a8c5000 	/usr/lib/libThaiTokenizer.dylib
0x00007fff2ae8b000 	/usr/lib/libChineseTokenizer.dylib
0x00007fff2a91a000 	/System/Library/Frameworks/MetalPerformanceShaders.framework/Versions/A/MetalPerformanceShaders
0x00007fff2649d000 	/System/Library/Frameworks/Accelerate.framework/Versions/A/Frameworks/vImage.framework/Versions/A/vImage
0x00007fff301cd000 	/System/Library/Frameworks/Accelerate.framework/Versions/A/Frameworks/vecLib.framework/Versions/A/vecLib
0x00007fff2ae96000 	/System/Library/Frameworks/Accelerate.framework/Versions/A/Frameworks/vecLib.framework/Versions/A/libvMisc.dylib
0x00007fff29900000 	/System/Library/Frameworks/Accelerate.framework/Versions/A/Frameworks/vecLib.framework/Versions/A/libvDSP.dylib
0x00007fff20b65000 	/System/Library/Frameworks/Accelerate.framework/Versions/A/Frameworks/vecLib.framework/Versions/A/libBLAS.dylib
0x00007fff2a940000 	/System/Library/Frameworks/Accelerate.framework/Versions/A/Frameworks/vecLib.framework/Versions/A/libLAPACK.dylib
0x00007fff29eda000 	/System/Library/Frameworks/Accelerate.framework/Versions/A/Frameworks/vecLib.framework/Versions/A/libLinearAlgebra.dylib
0x00007fff2a907000 	/System/Library/Frameworks/Accelerate.framework/Versions/A/Frameworks/vecLib.framework/Versions/A/libSparseBLAS.dylib
0x00007fff2a93a000 	/System/Library/Frameworks/Accelerate.framework/Versions/A/Frameworks/vecLib.framework/Versions/A/libQuadrature.dylib
0x00007fff292f8000 	/System/Library/Frameworks/Accelerate.framework/Versions/A/Frameworks/vecLib.framework/Versions/A/libBNNS.dylib
0x00007fff20d4c000 	/System/Library/Frameworks/Accelerate.framework/Versions/A/Frameworks/vecLib.framework/Versions/A/libSparse.dylib
0x00007fff291e3000 	/System/Library/Frameworks/MetalPerformanceShaders.framework/Versions/A/Frameworks/MPSCore.framework/Versions/A/MPSCore
0x00007fff2a326000 	/System/Library/Frameworks/MetalPerformanceShaders.framework/Versions/A/Frameworks/MPSImage.framework/Versions/A/MPSImage
0x00007fff29ef1000 	/System/Library/Frameworks/MetalPerformanceShaders.framework/Versions/A/Frameworks/MPSNeuralNetwork.framework/Versions/A/MPSNeuralNetwork
0x00007fff2a2b1000 	/System/Library/Frameworks/MetalPerformanceShaders.framework/Versions/A/Frameworks/MPSMatrix.framework/Versions/A/MPSMatrix
0x00007fff2a119000 	/System/Library/Frameworks/MetalPerformanceShaders.framework/Versions/A/Frameworks/MPSRayIntersector.framework/Versions/A/MPSRayIntersector
0x00007fff2a2e8000 	/System/Library/Frameworks/MetalPerformanceShaders.framework/Versions/A/Frameworks/MPSNDArray.framework/Versions/A/MPSNDArray
0x00007fff20a91000 	/System/Library/PrivateFrameworks/MetalTools.framework/Versions/A/MetalTools
0x00007fff29248000 	/System/Library/PrivateFrameworks/AggregateDictionary.framework/Versions/A/AggregateDictionary
0x00007fff26386000 	/System/Library/PrivateFrameworks/CoreAnalytics.framework/Versions/A/CoreAnalytics
0x00007fff2a8c7000 	/System/Library/PrivateFrameworks/AppleSauce.framework/Versions/A/AppleSauce
0x00007fff2854e000 	/System/Library/PrivateFrameworks/IOAccelerator.framework/Versions/A/IOAccelerator
0x00007fff6cb5d000 	/System/Library/Frameworks/OpenGL.framework/Versions/A/Libraries/libCoreFSCache.dylib
0x00007fff2140b000 	/System/Library/PrivateFrameworks/LanguageModeling.framework/Versions/A/LanguageModeling
0x00007fff29a91000 	/System/Library/PrivateFrameworks/CoreEmoji.framework/Versions/A/CoreEmoji
0x00007fff292f1000 	/System/Library/PrivateFrameworks/LinguisticData.framework/Versions/A/LinguisticData
0x00007fff20cfe000 	/System/Library/PrivateFrameworks/Lexicon.framework/Versions/A/Lexicon
0x00007fff2a7d9000 	/usr/lib/libcmph.dylib
0x00007fff2737d000 	/System/Library/Frameworks/OpenDirectory.framework/Versions/A/Frameworks/CFOpenDirectory.framework/Versions/A/CFOpenDirectory
0x00007fff2736d000 	/System/Library/Frameworks/OpenDirectory.framework/Versions/A/OpenDirectory
0x00007fff2ad55000 	/System/Library/PrivateFrameworks/APFS.framework/Versions/A/APFS
0x00007fff29db6000 	/System/Library/Frameworks/SecurityFoundation.framework/Versions/A/SecurityFoundation
0x00007fff2ae5e000 	/usr/lib/libutil.dylib
0x00007fff22a19000 	/System/Library/PrivateFrameworks/CoreServicesStore.framework/Versions/A/CoreServicesStore
0x00007fff29e4d000 	/System/Library/Frameworks/ServiceManagement.framework/Versions/A/ServiceManagement
0x00007fff2ae62000 	/usr/lib/libxslt.1.dylib
0x00007fff29e43000 	/System/Library/PrivateFrameworks/BackgroundTaskManagement.framework/Versions/A/BackgroundTaskManagement
0x00007fff2bfa6000 	/System/Library/Frameworks/ImageIO.framework/Versions/A/Resources/libRadiance.dylib
0x00007fff2bfaf000 	/System/Library/Frameworks/ImageIO.framework/Versions/A/Resources/libJPEG.dylib
0x00007fff2befb000 	/System/Library/Frameworks/ImageIO.framework/Versions/A/Resources/libPng.dylib
0x00007fff2bf22000 	/System/Library/Frameworks/ImageIO.framework/Versions/A/Resources/libTIFF.dylib
0x00007fff2c004000 	/System/Library/Frameworks/ImageIO.framework/Versions/A/Resources/libGIF.dylib
0x00007fff2bc5f000 	/System/Library/Frameworks/ImageIO.framework/Versions/A/Resources/libJP2.dylib
0x00007fff2b349000 	/usr/lib/libexpat.1.dylib
0x00007fff2bc14000 	/System/Library/PrivateFrameworks/AppleJPEG.framework/Versions/A/AppleJPEG
0x00007fff28784000 	/System/Library/PrivateFrameworks/FontServices.framework/libFontParser.dylib
0x00007fff26130000 	/System/Library/PrivateFrameworks/RunningBoardServices.framework/Versions/A/RunningBoardServices
0x00007fff2bd3d000 	/System/Library/PrivateFrameworks/WatchdogClient.framework/Versions/A/WatchdogClient
0x00007fff214f8000 	/System/Library/Frameworks/CoreDisplay.framework/Versions/A/CoreDisplay
0x00007fff2869a000 	/System/Library/Frameworks/CoreMedia.framework/Versions/A/CoreMedia
0x00007fff274fa000 	/System/Library/Frameworks/CoreVideo.framework/Versions/A/CoreVideo
0x00007fff2bd75000 	/System/Library/Frameworks/VideoToolbox.framework/Versions/A/VideoToolbox
0x00007fff260ae000 	/System/Library/PrivateFrameworks/BaseBoard.framework/Versions/A/BaseBoard
0x00007fff2b48e000 	/System/Library/PrivateFrameworks/PersistentConnection.framework/Versions/A/PersistentConnection
0x00007fff25e49000 	/System/Library/PrivateFrameworks/ProtocolBuffer.framework/Versions/A/ProtocolBuffer
0x00007fff26095000 	/System/Library/PrivateFrameworks/CommonUtilities.framework/Versions/A/CommonUtilities
0x00007fff2bba9000 	/System/Library/PrivateFrameworks/Bom.framework/Versions/A/Bom
0x00007fff2bf9f000 	/System/Library/PrivateFrameworks/GPUWrangler.framework/Versions/A/GPUWrangler
0x00007fff2bf82000 	/System/Library/PrivateFrameworks/IOPresentment.framework/Versions/A/IOPresentment
0x00007fff2bfa9000 	/System/Library/PrivateFrameworks/DSExternalDisplay.framework/Versions/A/DSExternalDisplay
0x00007fff2c009000 	/System/Library/PrivateFrameworks/CMCaptureCore.framework/Versions/A/CMCaptureCore
0x00007fff2b92e000 	/System/Library/PrivateFrameworks/AppServerSupport.framework/Versions/A/AppServerSupport
0x00007fff2d9dd000 	/System/Library/PrivateFrameworks/perfdata.framework/Versions/A/perfdata
0x00007fff29da5000 	/System/Library/PrivateFrameworks/AssertionServices.framework/Versions/A/AssertionServices
0x00007fff2162f000 	/System/Library/PrivateFrameworks/AudioToolboxCore.framework/Versions/A/AudioToolboxCore
0x00007fff2867d000 	/System/Library/PrivateFrameworks/caulk.framework/Versions/A/caulk
0x00007fff3d688000 	/System/Library/PrivateFrameworks/SystemPolicy.framework/Versions/A/SystemPolicy
0x00007fff2b13e000 	/usr/lib/libIOReport.dylib
0x00007fff2d1ff000 	/usr/lib/libSMC.dylib
0x00007fff2bec8000 	/usr/lib/libAudioToolboxUtility.dylib
0x00007fff3dff2000 	/usr/lib/libmis.dylib
0x00007fff6cbb9000 	/System/Library/Frameworks/OpenGL.framework/Versions/A/Libraries/libGLU.dylib
0x00007fff6cb7c000 	/System/Library/Frameworks/OpenGL.framework/Versions/A/Libraries/libGFXShared.dylib
0x00007fff6cd8b000 	/System/Library/Frameworks/OpenGL.framework/Versions/A/Libraries/libGL.dylib
0x00007fff6cb85000 	/System/Library/Frameworks/OpenGL.framework/Versions/A/Libraries/libGLImage.dylib
0x00007fff6cb79000 	/System/Library/Frameworks/OpenGL.framework/Versions/A/Libraries/libCVMSPluginSupport.dylib
0x00007fff6cb64000 	/System/Library/Frameworks/OpenGL.framework/Versions/A/Libraries/libCoreVMClient.dylib
0x00007fff6e1cc000 	/System/Library/Frameworks/OpenCL.framework/Versions/A/OpenCL
0x00007fff2b4b8000 	/System/Library/PrivateFrameworks/GraphVisualizer.framework/Versions/A/GraphVisualizer
0x00007fff2b4c7000 	/System/Library/PrivateFrameworks/FaceCore.framework/Versions/A/FaceCore
0x00007fff2b8e3000 	/System/Library/PrivateFrameworks/OTSVG.framework/Versions/A/OTSVG
0x00007fff270f1000 	/System/Library/Frameworks/ApplicationServices.framework/Versions/A/Frameworks/ATS.framework/Versions/A/Resources/libFontRegistry.dylib
0x00007fff2b935000 	/System/Library/PrivateFrameworks/FontServices.framework/libhvf.dylib
0x00007fff2b2f5000 	/System/Library/PrivateFrameworks/AppleVA.framework/Versions/A/AppleVA
0x00007fff2d048000 	/System/Library/Frameworks/ApplicationServices.framework/Versions/A/Frameworks/ATS.framework/Versions/A/ATS
0x00007fff2d35a000 	/System/Library/Frameworks/ApplicationServices.framework/Versions/A/Frameworks/ColorSyncLegacy.framework/Versions/A/ColorSyncLegacy
0x00007fff25612000 	/System/Library/Frameworks/ApplicationServices.framework/Versions/A/Frameworks/HIServices.framework/Versions/A/HIServices
0x00007fff2d33f000 	/System/Library/Frameworks/ApplicationServices.framework/Versions/A/Frameworks/LangAnalysis.framework/Versions/A/LangAnalysis
0x00007fff2c013000 	/System/Library/Frameworks/ApplicationServices.framework/Versions/A/Frameworks/PrintCore.framework/Versions/A/PrintCore
0x00007fff2d362000 	/System/Library/Frameworks/ApplicationServices.framework/Versions/A/Frameworks/QD.framework/Versions/A/QD
0x00007fff2d038000 	/System/Library/Frameworks/ApplicationServices.framework/Versions/A/Frameworks/SpeechSynthesis.framework/Versions/A/SpeechSynthesis
0x00007fff2bfd4000 	/System/Library/Frameworks/ApplicationServices.framework/Versions/A/Frameworks/ATSUI.framework/Versions/A/ATSUI
0x00007fff2d2df000 	/usr/lib/libcups.2.dylib
0x00007fff2d34f000 	/System/Library/PrivateFrameworks/NetAuth.framework/Versions/A/NetAuth
0x00007fff2d9f9000 	/System/Library/Frameworks/Kerberos.framework/Versions/A/Kerberos
0x00007fff2da09000 	/System/Library/Frameworks/GSS.framework/Versions/A/GSS
0x00007fff2d0b4000 	/usr/lib/libresolv.9.dylib
0x00007fff2b94a000 	/System/Library/PrivateFrameworks/Heimdal.framework/Versions/A/Heimdal
0x00007fff3378d000 	/System/Library/Frameworks/Kerberos.framework/Versions/A/Libraries/libHeimdalProxy.dylib
0x00007fff26201000 	/System/Library/Frameworks/Network.framework/Versions/A/Network
0x00007fff2b363000 	/usr/lib/libheimdal-asn1.dylib
0x00007fff2da59000 	/System/Library/PrivateFrameworks/CommonAuth.framework/Versions/A/CommonAuth
0x00007fff27547000 	/System/Library/PrivateFrameworks/login.framework/Versions/A/Frameworks/loginsupport.framework/Versions/A/loginsupport
0x00007fff2cfbd000 	/System/Library/PrivateFrameworks/AudioSession.framework/Versions/A/AudioSession
0x00007fff2d025000 	/usr/lib/libAudioStatistics.dylib
0x00007fff2b3f0000 	/System/Library/PrivateFrameworks/MediaExperience.framework/Versions/A/MediaExperience
0x00007fff2ce5a000 	/System/Library/PrivateFrameworks/AudioSession.framework/libSessionUtility.dylib
0x00007fff2d9ea000 	/usr/lib/libperfcheck.dylib
0x00007fff2d36e000 	/System/Library/PrivateFrameworks/AudioResourceArbitration.framework/Versions/A/AudioResourceArbitration
0x00007fff2b36d000 	/System/Library/PrivateFrameworks/IconFoundation.framework/Versions/A/IconFoundation
0x00007fff2fe97000 	/System/Library/PrivateFrameworks/SpeechRecognitionCore.framework/Versions/A/SpeechRecognitionCore
0x000000010f800000 	/Library/Java/JavaVirtualMachines/amazon-corretto-11.jdk/Contents/Home/lib/server/libjvm.dylib
0x000000010b254000 	/Library/Java/JavaVirtualMachines/amazon-corretto-11.jdk/Contents/Home/lib/libverify.dylib
0x000000010b2ce000 	/Library/Java/JavaVirtualMachines/amazon-corretto-11.jdk/Contents/Home/lib/libjava.dylib
0x000000010b332000 	/Library/Java/JavaVirtualMachines/amazon-corretto-11.jdk/Contents/Home/lib/libjimage.dylib
0x000000010b34b000 	/Library/Java/JavaVirtualMachines/amazon-corretto-11.jdk/Contents/Home/lib/libinstrument.dylib
0x000000010b3b0000 	/Library/Java/JavaVirtualMachines/amazon-corretto-11.jdk/Contents/Home/lib/libzip.dylib
0x0000000132111000 	/Library/Java/JavaVirtualMachines/amazon-corretto-11.jdk/Contents/Home/lib/libnio.dylib
0x000000013213c000 	/Library/Java/JavaVirtualMachines/amazon-corretto-11.jdk/Contents/Home/lib/libnet.dylib
0x000000010b297000 	/Library/Java/JavaVirtualMachines/amazon-corretto-11.jdk/Contents/Home/lib/libextnet.dylib


VM Arguments:
jvm_args: -javaagent:/Applications/IntelliJ IDEA CE.app/Contents/lib/idea_rt.jar=52128:/Applications/IntelliJ IDEA CE.app/Contents/bin -Dfile.encoding=UTF-8 
java_command: com.company.IO.IntroMain
java_class_path (initial): /Users/ranyou/Documents/Java_Projects/Array/out/production/Array
Launcher Type: SUN_STANDARD

[Global flags]
     intx CICompilerCount                          = 4                                         {product} {ergonomic}
     uint ConcGCThreads                            = 2                                         {product} {ergonomic}
     uint G1ConcRefinementThreads                  = 8                                         {product} {ergonomic}
   size_t G1HeapRegionSize                         = 1048576                                   {product} {ergonomic}
    uintx GCDrainStackTargetSize                   = 64                                        {product} {ergonomic}
   size_t InitialHeapSize                          = 134217728                                 {product} {ergonomic}
   size_t MarkStackSize                            = 4194304                                   {product} {ergonomic}
   size_t MaxHeapSize                              = 2147483648                                {product} {ergonomic}
   size_t MaxNewSize                               = 1287651328                                {product} {ergonomic}
   size_t MinHeapDeltaBytes                        = 1048576                                   {product} {ergonomic}
    uintx NonNMethodCodeHeapSize                   = 5836300                                {pd product} {ergonomic}
    uintx NonProfiledCodeHeapSize                  = 122910970                              {pd product} {ergonomic}
    uintx ProfiledCodeHeapSize                     = 122910970                              {pd product} {ergonomic}
    uintx ReservedCodeCacheSize                    = 251658240                              {pd product} {ergonomic}
     bool SegmentedCodeCache                       = true                                      {product} {ergonomic}
     bool UseCompressedClassPointers               = true                                 {lp64_product} {ergonomic}
     bool UseCompressedOops                        = true                                 {lp64_product} {ergonomic}
     bool UseG1GC                                  = true                                      {product} {ergonomic}

Logging:
Log output configuration:
 #0: stdout all=warning uptime,level,tags
 #1: stderr all=off uptime,level,tags

Environment Variables:
PATH=/usr/local/bin:/usr/bin:/bin:/usr/sbin:/sbin
SHELL=/bin/zsh
LC_CTYPE=en_US.UTF-8

Signal Handlers:
SIGSEGV: [libjvm.dylib+0x7d868a], sa_mask[0]=11111111111111111111111111111111, sa_flags=SA_ONSTACK|SA_RESTART|SA_SIGINFO
SIGBUS: [libjvm.dylib+0x7d868a], sa_mask[0]=11111111111111111111111111111111, sa_flags=SA_RESTART|SA_SIGINFO
SIGFPE: [libjvm.dylib+0x7d868a], sa_mask[0]=11111111111111111111111111111111, sa_flags=SA_RESTART|SA_SIGINFO
SIGPIPE: [libjvm.dylib+0x62ff02], sa_mask[0]=11111111111111111111111111111111, sa_flags=SA_RESTART|SA_SIGINFO
SIGXFSZ: [libjvm.dylib+0x62ff02], sa_mask[0]=11111111111111111111111111111111, sa_flags=SA_RESTART|SA_SIGINFO
SIGILL: [libjvm.dylib+0x7d868a], sa_mask[0]=11111111111111111111111111111111, sa_flags=SA_RESTART|SA_SIGINFO
SIGUSR2: [libjvm.dylib+0x630500], sa_mask[0]=00100000000000000000000000000000, sa_flags=SA_RESTART|SA_SIGINFO
SIGHUP: [libjvm.dylib+0x62f03b], sa_mask[0]=11111111111111111111111111111111, sa_flags=SA_RESTART|SA_SIGINFO
SIGINT: [libjvm.dylib+0x62f03b], sa_mask[0]=11111111111111111111111111111111, sa_flags=SA_RESTART|SA_SIGINFO
SIGTERM: [libjvm.dylib+0x62f03b], sa_mask[0]=11111111111111111111111111111111, sa_flags=SA_RESTART|SA_SIGINFO
SIGQUIT: [libjvm.dylib+0x62f03b], sa_mask[0]=11111111111111111111111111111111, sa_flags=SA_RESTART|SA_SIGINFO


---------------  S Y S T E M  ---------------

OS:uname:Darwin 20.3.0 Darwin Kernel Version 20.3.0: Thu Jan 21 00:06:51 PST 2021; root:xnu-7195.81.3~1/RELEASE_ARM64_T8101 x86_64
OS uptime: 10 days 14:11 hours
rlimit (soft/hard): STACK 8176k/65520k , CORE 0k/infinity , NPROC 1333/2000 , NOFILE 10240/infinity , AS infinity/infinity , CPU infinity/infinity , DATA infinity/infinity , FSIZE infinity/infinity , MEMLOCK infinity/infinity , RSS infinity/infinity
load average:1.71 1.48 1.34

CPU:total 8 (initial active 8) (1 cores per cpu, 1 threads per core) family 6 model 44 stepping 0 microcode 0x0, cmov, cx8, fxsr, mmx, sse, sse2, sse3, ssse3, sse4.1, sse4.2, popcnt, aes, clmul, tsc, tscinvbit, tscinv

Memory: 4k page, physical 8388608k(17220k free), swap 4194304k(1331712k free)

vm_info: OpenJDK 64-Bit Server VM (11.0.11+9-LTS) for bsd-amd64 JRE (11.0.11+9-LTS), built on Apr 16 2021 10:18:40 by "corretto" with gcc 4.2.1 Compatible Apple LLVM 8.0.0 (clang-800.0.42.1)

END.
